# JRE version: OpenJDK Runtime Environment (8.0_112-b06) (build 1.8.0_112-release-b06)
# Java VM: OpenJDK 64-Bit Server VM (25.112-b06 mixed mode windows-amd64 compressed oops)
Heap:
 PSYoungGen      total 361472K, used 88524K [0x00000000e0000000, 0x0000000100000000, 0x0000000100000000)
  eden space 198656K, 0% used [0x00000000e0000000,0x00000000e0000000,0x00000000ec200000)
  from space 162816K, 54% used [0x00000000ec200000,0x00000000f1873148,0x00000000f6100000)
  to   space 161792K, 0% used [0x00000000f6200000,0x00000000f6200000,0x0000000100000000)
 ParOldGen       total 648192K, used 610571K [0x00000000a0000000, 0x00000000c7900000, 0x00000000e0000000)
  object space 648192K, 94% used [0x00000000a0000000,0x00000000c5442ce8,0x00000000c7900000)
 Metaspace       used 94318K, capacity 98984K, committed 99200K, reserved 1136640K
  class space    used 11806K, capacity 12657K, committed 12672K, reserved 1048576K
GC Heap History (10 events):
Event: 1604.958 GC heap after
Heap after GC invocations=28 (full 5):
 PSYoungGen      total 360448K, used 67025K [0x00000000e0000000, 0x00000000ff300000, 0x0000000100000000)
  eden space 252416K, 0% used [0x00000000e0000000,0x00000000e0000000,0x00000000ef680000)
  from space 108032K, 62% used [0x00000000ef680000,0x00000000f37f4670,0x00000000f6000000)
  to   space 110592K, 0% used [0x00000000f8700000,0x00000000f8700000,0x00000000ff300000)
 ParOldGen       total 648192K, used 449633K [0x00000000a0000000, 0x00000000c7900000, 0x00000000e0000000)
  object space 648192K, 69% used [0x00000000a0000000,0x00000000bb718750,0x00000000c7900000)
 Metaspace       used 86823K, capacity 90528K, committed 90752K, reserved 1128448K
  class space    used 10875K, capacity 11591K, committed 11648K, reserved 1048576K
}
Event: 1609.927 GC heap before
{Heap before GC invocations=29 (full 5):
 PSYoungGen      total 360448K, used 319441K [0x00000000e0000000, 0x00000000ff300000, 0x0000000100000000)
  eden space 252416K, 100% used [0x00000000e0000000,0x00000000ef680000,0x00000000ef680000)
  from space 108032K, 62% used [0x00000000ef680000,0x00000000f37f4670,0x00000000f6000000)
  to   space 110592K, 0% used [0x00000000f8700000,0x00000000f8700000,0x00000000ff300000)
 ParOldGen       total 648192K, used 449633K [0x00000000a0000000, 0x00000000c7900000, 0x00000000e0000000)
  object space 648192K, 69% used [0x00000000a0000000,0x00000000bb718750,0x00000000c7900000)
 Metaspace       used 90205K, capacity 93894K, committed 94080K, reserved 1130496K
  class space    used 11287K, capacity 12036K, committed 12160K, reserved 1048576K
Event: 1610.045 GC heap after
Heap after GC invocations=29 (full 5):
 PSYoungGen      total 344064K, used 110576K [0x00000000e0000000, 0x0000000100000000, 0x0000000100000000)
  eden space 233472K, 0% used [0x00000000e0000000,0x00000000e0000000,0x00000000ee400000)
  from space 110592K, 99% used [0x00000000f8700000,0x00000000ff2fc080,0x00000000ff300000)
  to   space 145408K, 0% used [0x00000000ee400000,0x00000000ee400000,0x00000000f7200000)
 ParOldGen       total 648192K, used 495737K [0x00000000a0000000, 0x00000000c7900000, 0x00000000e0000000)
  object space 648192K, 76% used [0x00000000a0000000,0x00000000be41e528,0x00000000c7900000)
 Metaspace       used 90205K, capacity 93894K, committed 94080K, reserved 1130496K
  class space    used 11287K, capacity 12036K, committed 12160K, reserved 1048576K
}
Event: 1677.067 GC heap before
{Heap before GC invocations=30 (full 5):
 PSYoungGen      total 344064K, used 344048K [0x00000000e0000000, 0x0000000100000000, 0x0000000100000000)
  eden space 233472K, 100% used [0x00000000e0000000,0x00000000ee400000,0x00000000ee400000)
  from space 110592K, 99% used [0x00000000f8700000,0x00000000ff2fc080,0x00000000ff300000)
  to   space 145408K, 0% used [0x00000000ee400000,0x00000000ee400000,0x00000000f7200000)
 ParOldGen       total 648192K, used 495737K [0x00000000a0000000, 0x00000000c7900000, 0x00000000e0000000)
  object space 648192K, 76% used [0x00000000a0000000,0x00000000be41e528,0x00000000c7900000)
 Metaspace       used 90686K, capacity 94926K, committed 95232K, reserved 1132544K
  class space    used 11362K, capacity 12168K, committed 12288K, reserved 1048576K
Event: 1677.147 GC heap after
Heap after GC invocations=30 (full 5):
 PSYoungGen      total 378880K, used 50901K [0x00000000e0000000, 0x0000000100000000, 0x0000000100000000)
  eden space 233472K, 0% used [0x00000000e0000000,0x00000000e0000000,0x00000000ee400000)
  from space 145408K, 35% used [0x00000000ee400000,0x00000000f15b54c8,0x00000000f7200000)
  to   space 137216K, 0% used [0x00000000f7a00000,0x00000000f7a00000,0x0000000100000000)
 ParOldGen       total 648192K, used 554524K [0x00000000a0000000, 0x00000000c7900000, 0x00000000e0000000)
  object space 648192K, 85% used [0x00000000a0000000,0x00000000c1d87170,0x00000000c7900000)
 Metaspace       used 90686K, capacity 94926K, committed 95232K, reserved 1132544K
  class space    used 11362K, capacity 12168K, committed 12288K, reserved 1048576K
}
Event: 1678.960 GC heap before
{Heap before GC invocations=31 (full 5):
 PSYoungGen      total 378880K, used 284373K [0x00000000e0000000, 0x0000000100000000, 0x0000000100000000)
  eden space 233472K, 100% used [0x00000000e0000000,0x00000000ee400000,0x00000000ee400000)
  from space 145408K, 35% used [0x00000000ee400000,0x00000000f15b54c8,0x00000000f7200000)
  to   space 137216K, 0% used [0x00000000f7a00000,0x00000000f7a00000,0x0000000100000000)
 ParOldGen       total 648192K, used 554524K [0x00000000a0000000, 0x00000000c7900000, 0x00000000e0000000)
  object space 648192K, 85% used [0x00000000a0000000,0x00000000c1d87170,0x00000000c7900000)
 Metaspace       used 94083K, capacity 98498K, committed 98688K, reserved 1134592K
  class space    used 11787K, capacity 12636K, committed 12672K, reserved 1048576K
Event: 1679.072 GC heap after
Heap after GC invocations=31 (full 5):
 PSYoungGen      total 335872K, used 137186K [0x00000000e0000000, 0x0000000100000000, 0x0000000100000000)
  eden space 198656K, 0% used [0x00000000e0000000,0x00000000e0000000,0x00000000ec200000)
  from space 137216K, 99% used [0x00000000f7a00000,0x00000000ffff8848,0x0000000100000000)
  to   space 162816K, 0% used [0x00000000ec200000,0x00000000ec200000,0x00000000f6100000)
 ParOldGen       total 648192K, used 564166K [0x00000000a0000000, 0x00000000c7900000, 0x00000000e0000000)
  object space 648192K, 87% used [0x00000000a0000000,0x00000000c26f1930,0x00000000c7900000)
 Metaspace       used 94083K, capacity 98498K, committed 98688K, reserved 1134592K
  class space    used 11787K, capacity 12636K, committed 12672K, reserved 1048576K
}
Event: 1808.473 GC heap before
{Heap before GC invocations=32 (full 5):
 PSYoungGen      total 335872K, used 335842K [0x00000000e0000000, 0x0000000100000000, 0x0000000100000000)
  eden space 198656K, 100% used [0x00000000e0000000,0x00000000ec200000,0x00000000ec200000)
  from space 137216K, 99% used [0x00000000f7a00000,0x00000000ffff8848,0x0000000100000000)
  to   space 162816K, 0% used [0x00000000ec200000,0x00000000ec200000,0x00000000f6100000)
 ParOldGen       total 648192K, used 564166K [0x00000000a0000000, 0x00000000c7900000, 0x00000000e0000000)
  object space 648192K, 87% used [0x00000000a0000000,0x00000000c26f1930,0x00000000c7900000)
 Metaspace       used 94318K, capacity 98984K, committed 99200K, reserved 1136640K
  class space    used 11806K, capacity 12657K, committed 12672K, reserved 1048576K
Event: 1808.574 GC heap after
Heap after GC invocations=32 (full 5):
 PSYoungGen      total 361472K, used 88524K [0x00000000e0000000, 0x0000000100000000, 0x0000000100000000)
  eden space 198656K, 0% used [0x00000000e0000000,0x00000000e0000000,0x00000000ec200000)
  from space 162816K, 54% used [0x00000000ec200000,0x00000000f1873148,0x00000000f6100000)
  to   space 161792K, 0% used [0x00000000f6200000,0x00000000f6200000,0x0000000100000000)
 ParOldGen       total 648192K, used 610571K [0x00000000a0000000, 0x00000000c7900000, 0x00000000e0000000)
  object space 648192K, 94% used [0x00000000a0000000,0x00000000c5442ce8,0x00000000c7900000)
 Metaspace       used 94318K, capacity 98984K, committed 99200K, reserved 1136640K
  class space    used 11806K, capacity 12657K, committed 12672K, reserved 1048576K
}
Event: 1808.574 GC heap before
{Heap before GC invocations=33 (full 6):
 PSYoungGen      total 361472K, used 88524K [0x00000000e0000000, 0x0000000100000000, 0x0000000100000000)
  eden space 198656K, 0% used [0x00000000e0000000,0x00000000e0000000,0x00000000ec200000)
  from space 162816K, 54% used [0x00000000ec200000,0x00000000f1873148,0x00000000f6100000)
  to   space 161792K, 0% used [0x00000000f6200000,0x00000000f6200000,0x0000000100000000)
 ParOldGen       total 648192K, used 610571K [0x00000000a0000000, 0x00000000c7900000, 0x00000000e0000000)
  object space 648192K, 94% used [0x00000000a0000000,0x00000000c5442ce8,0x00000000c7900000)
 Metaspace       used 94318K, capacity 98984K, committed 99200K, reserved 1136640K
  class space    used 11806K, capacity 12657K, committed 12672K, reserved 1048576K

