# JRE version: OpenJDK Runtime Environment (8.0_112-b06) (build 1.8.0_112-release-b06)
# Java VM: OpenJDK 64-Bit Server VM (25.112-b06 mixed mode windows-amd64 compressed oops)
Heap:
 PSYoungGen      total 358400K, used 95684K [0x00000000e0000000, 0x0000000100000000, 0x0000000100000000)
  eden space 208896K, 0% used [0x00000000e0000000,0x00000000e0000000,0x00000000ecc00000)
  from space 149504K, 64% used [0x00000000f6e00000,0x00000000fcb710c0,0x0000000100000000)
  to   space 157696K, 0% used [0x00000000ecc00000,0x00000000ecc00000,0x00000000f6600000)
 ParOldGen       total 752128K, used 736408K [0x00000000a0000000, 0x00000000cde80000, 0x00000000e0000000)
  object space 752128K, 97% used [0x00000000a0000000,0x00000000ccf26340,0x00000000cde80000)
 Metaspace       used 111182K, capacity 119964K, committed 120216K, reserved 1155072K
  class space    used 13910K, capacity 14987K, committed 15000K, reserved 1048576K
GC Heap History (10 events):
Event: 27698.302 GC heap after
Heap after GC invocations=76 (full 10):
 PSYoungGen      total 392704K, used 84721K [0x00000000e0000000, 0x0000000100000000, 0x0000000100000000)
  eden space 290816K, 0% used [0x00000000e0000000,0x00000000e0000000,0x00000000f1c00000)
  from space 101888K, 83% used [0x00000000f9c80000,0x00000000fef3c458,0x0000000100000000)
  to   space 116736K, 0% used [0x00000000f1c00000,0x00000000f1c00000,0x00000000f8e00000)
 ParOldGen       total 752128K, used 663710K [0x00000000a0000000, 0x00000000cde80000, 0x00000000e0000000)
  object space 752128K, 88% used [0x00000000a0000000,0x00000000c8827ae0,0x00000000cde80000)
 Metaspace       used 107733K, capacity 116206K, committed 116504K, reserved 1150976K
  class space    used 13472K, capacity 14518K, committed 14616K, reserved 1048576K
}
Event: 27700.216 GC heap before
{Heap before GC invocations=77 (full 10):
 PSYoungGen      total 392704K, used 374546K [0x00000000e0000000, 0x0000000100000000, 0x0000000100000000)
  eden space 290816K, 99% used [0x00000000e0000000,0x00000000f1b086f8,0x00000000f1c00000)
  from space 101888K, 83% used [0x00000000f9c80000,0x00000000fef3c458,0x0000000100000000)
  to   space 116736K, 0% used [0x00000000f1c00000,0x00000000f1c00000,0x00000000f8e00000)
 ParOldGen       total 752128K, used 663710K [0x00000000a0000000, 0x00000000cde80000, 0x00000000e0000000)
  object space 752128K, 88% used [0x00000000a0000000,0x00000000c8827ae0,0x00000000cde80000)
 Metaspace       used 107755K, capacity 116212K, committed 116504K, reserved 1150976K
  class space    used 13473K, capacity 14519K, committed 14616K, reserved 1048576K
Event: 27700.271 GC heap after
Heap after GC invocations=77 (full 10):
 PSYoungGen      total 374784K, used 83464K [0x00000000e0000000, 0x0000000100000000, 0x0000000100000000)
  eden space 290816K, 0% used [0x00000000e0000000,0x00000000e0000000,0x00000000f1c00000)
  from space 83968K, 99% used [0x00000000f1c00000,0x00000000f6d82288,0x00000000f6e00000)
  to   space 127488K, 0% used [0x00000000f8380000,0x00000000f8380000,0x0000000100000000)
 ParOldGen       total 752128K, used 663950K [0x00000000a0000000, 0x00000000cde80000, 0x00000000e0000000)
  object space 752128K, 88% used [0x00000000a0000000,0x00000000c8863b10,0x00000000cde80000)
 Metaspace       used 107755K, capacity 116212K, committed 116504K, reserved 1150976K
  class space    used 13473K, capacity 14519K, committed 14616K, reserved 1048576K
}
Event: 27853.071 GC heap before
{Heap before GC invocations=78 (full 10):
 PSYoungGen      total 374784K, used 374280K [0x00000000e0000000, 0x0000000100000000, 0x0000000100000000)
  eden space 290816K, 100% used [0x00000000e0000000,0x00000000f1c00000,0x00000000f1c00000)
  from space 83968K, 99% used [0x00000000f1c00000,0x00000000f6d82288,0x00000000f6e00000)
  to   space 127488K, 0% used [0x00000000f8380000,0x00000000f8380000,0x0000000100000000)
 ParOldGen       total 752128K, used 663950K [0x00000000a0000000, 0x00000000cde80000, 0x00000000e0000000)
  object space 752128K, 88% used [0x00000000a0000000,0x00000000c8863b10,0x00000000cde80000)
 Metaspace       used 107808K, capacity 116300K, committed 116504K, reserved 1150976K
  class space    used 13482K, capacity 14527K, committed 14616K, reserved 1048576K
Event: 27853.428 GC heap after
Heap after GC invocations=78 (full 10):
 PSYoungGen      total 381440K, used 80878K [0x00000000e0000000, 0x0000000100000000, 0x0000000100000000)
  eden space 253952K, 0% used [0x00000000e0000000,0x00000000e0000000,0x00000000ef800000)
  from space 127488K, 63% used [0x00000000f8380000,0x00000000fd27ba40,0x0000000100000000)
  to   space 135168K, 0% used [0x00000000ef800000,0x00000000ef800000,0x00000000f7c00000)
 ParOldGen       total 752128K, used 664182K [0x00000000a0000000, 0x00000000cde80000, 0x00000000e0000000)
  object space 752128K, 88% used [0x00000000a0000000,0x00000000c889db10,0x00000000cde80000)
 Metaspace       used 107808K, capacity 116300K, committed 116504K, reserved 1150976K
  class space    used 13482K, capacity 14527K, committed 14616K, reserved 1048576K
}
Event: 27985.991 GC heap before
{Heap before GC invocations=79 (full 10):
 PSYoungGen      total 381440K, used 334830K [0x00000000e0000000, 0x0000000100000000, 0x0000000100000000)
  eden space 253952K, 100% used [0x00000000e0000000,0x00000000ef800000,0x00000000ef800000)
  from space 127488K, 63% used [0x00000000f8380000,0x00000000fd27ba40,0x0000000100000000)
  to   space 135168K, 0% used [0x00000000ef800000,0x00000000ef800000,0x00000000f7c00000)
 ParOldGen       total 752128K, used 664182K [0x00000000a0000000, 0x00000000cde80000, 0x00000000e0000000)
  object space 752128K, 88% used [0x00000000a0000000,0x00000000c889db10,0x00000000cde80000)
 Metaspace       used 108585K, capacity 117244K, committed 117400K, reserved 1153024K
  class space    used 13560K, capacity 14619K, committed 14744K, reserved 1048576K
Event: 27986.066 GC heap after
Heap after GC invocations=79 (full 10):
 PSYoungGen      total 358400K, used 104352K [0x00000000e0000000, 0x0000000100000000, 0x0000000100000000)
  eden space 253952K, 0% used [0x00000000e0000000,0x00000000e0000000,0x00000000ef800000)
  from space 104448K, 99% used [0x00000000ef800000,0x00000000f5de82a0,0x00000000f5e00000)
  to   space 149504K, 0% used [0x00000000f6e00000,0x00000000f6e00000,0x0000000100000000)
 ParOldGen       total 752128K, used 664802K [0x00000000a0000000, 0x00000000cde80000, 0x00000000e0000000)
  object space 752128K, 88% used [0x00000000a0000000,0x00000000c8938b30,0x00000000cde80000)
 Metaspace       used 108585K, capacity 117244K, committed 117400K, reserved 1153024K
  class space    used 13560K, capacity 14619K, committed 14744K, reserved 1048576K
}
Event: 28079.081 GC heap before
{Heap before GC invocations=80 (full 10):
 PSYoungGen      total 358400K, used 358304K [0x00000000e0000000, 0x0000000100000000, 0x0000000100000000)
  eden space 253952K, 100% used [0x00000000e0000000,0x00000000ef800000,0x00000000ef800000)
  from space 104448K, 99% used [0x00000000ef800000,0x00000000f5de82a0,0x00000000f5e00000)
  to   space 149504K, 0% used [0x00000000f6e00000,0x00000000f6e00000,0x0000000100000000)
 ParOldGen       total 752128K, used 664802K [0x00000000a0000000, 0x00000000cde80000, 0x00000000e0000000)
  object space 752128K, 88% used [0x00000000a0000000,0x00000000c8938b30,0x00000000cde80000)
 Metaspace       used 111182K, capacity 119964K, committed 120216K, reserved 1155072K
  class space    used 13910K, capacity 14987K, committed 15000K, reserved 1048576K
Event: 28079.231 GC heap after
Heap after GC invocations=80 (full 10):
 PSYoungGen      total 358400K, used 95684K [0x00000000e0000000, 0x0000000100000000, 0x0000000100000000)
  eden space 208896K, 0% used [0x00000000e0000000,0x00000000e0000000,0x00000000ecc00000)
  from space 149504K, 64% used [0x00000000f6e00000,0x00000000fcb710c0,0x0000000100000000)
  to   space 157696K, 0% used [0x00000000ecc00000,0x00000000ecc00000,0x00000000f6600000)
 ParOldGen       total 752128K, used 736408K [0x00000000a0000000, 0x00000000cde80000, 0x00000000e0000000)
  object space 752128K, 97% used [0x00000000a0000000,0x00000000ccf26340,0x00000000cde80000)
 Metaspace       used 111182K, capacity 119964K, committed 120216K, reserved 1155072K
  class space    used 13910K, capacity 14987K, committed 15000K, reserved 1048576K
}
Event: 28079.249 GC heap before
{Heap before GC invocations=81 (full 11):
 PSYoungGen      total 358400K, used 95684K [0x00000000e0000000, 0x0000000100000000, 0x0000000100000000)
  eden space 208896K, 0% used [0x00000000e0000000,0x00000000e0000000,0x00000000ecc00000)
  from space 149504K, 64% used [0x00000000f6e00000,0x00000000fcb710c0,0x0000000100000000)
  to   space 157696K, 0% used [0x00000000ecc00000,0x00000000ecc00000,0x00000000f6600000)
 ParOldGen       total 752128K, used 736408K [0x00000000a0000000, 0x00000000cde80000, 0x00000000e0000000)
  object space 752128K, 97% used [0x00000000a0000000,0x00000000ccf26340,0x00000000cde80000)
 Metaspace       used 111182K, capacity 119964K, committed 120216K, reserved 1155072K
  class space    used 13910K, capacity 14987K, committed 15000K, reserved 1048576K

