# JRE version: OpenJDK Runtime Environment (8.0_112-b06) (build 1.8.0_112-release-b06)
# Java VM: OpenJDK 64-Bit Server VM (25.112-b06 mixed mode windows-amd64 compressed oops)
Heap:
 PSYoungGen      total 345600K, used 7833K [0x00000000e0000000, 0x00000000ffa00000, 0x0000000100000000)
  eden space 178176K, 0% used [0x00000000e0000000,0x00000000e0000000,0x00000000eae00000)
  from space 167424K, 4% used [0x00000000f5680000,0x00000000f5e26740,0x00000000ffa00000)
  to   space 169984K, 0% used [0x00000000eae00000,0x00000000eae00000,0x00000000f5400000)
 ParOldGen       total 834560K, used 760640K [0x00000000a0000000, 0x00000000d2f00000, 0x00000000e0000000)
  object space 834560K, 91% used [0x00000000a0000000,0x00000000ce6d01e8,0x00000000d2f00000)
 Metaspace       used 110675K, capacity 117204K, committed 117336K, reserved 1150976K
  class space    used 13833K, capacity 14893K, committed 14976K, reserved 1048576K
GC Heap History (10 events):
Event: 4004.286 GC heap after
Heap after GC invocations=42 (full 6):
 PSYoungGen      total 349696K, used 87758K [0x00000000e0000000, 0x0000000100000000, 0x0000000100000000)
  eden space 175104K, 0% used [0x00000000e0000000,0x00000000e0000000,0x00000000eab00000)
  from space 174592K, 50% used [0x00000000f5580000,0x00000000fab33bb0,0x0000000100000000)
  to   space 174592K, 0% used [0x00000000eab00000,0x00000000eab00000,0x00000000f5580000)
 ParOldGen       total 834560K, used 590890K [0x00000000a0000000, 0x00000000d2f00000, 0x00000000e0000000)
  object space 834560K, 70% used [0x00000000a0000000,0x00000000c410a800,0x00000000d2f00000)
 Metaspace       used 107082K, capacity 113352K, committed 113496K, reserved 1148928K
  class space    used 13398K, capacity 14417K, committed 14464K, reserved 1048576K
}
Event: 4015.672 GC heap before
{Heap before GC invocations=43 (full 6):
 PSYoungGen      total 349696K, used 262862K [0x00000000e0000000, 0x0000000100000000, 0x0000000100000000)
  eden space 175104K, 100% used [0x00000000e0000000,0x00000000eab00000,0x00000000eab00000)
  from space 174592K, 50% used [0x00000000f5580000,0x00000000fab33bb0,0x0000000100000000)
  to   space 174592K, 0% used [0x00000000eab00000,0x00000000eab00000,0x00000000f5580000)
 ParOldGen       total 834560K, used 590890K [0x00000000a0000000, 0x00000000d2f00000, 0x00000000e0000000)
  object space 834560K, 70% used [0x00000000a0000000,0x00000000c410a800,0x00000000d2f00000)
 Metaspace       used 107178K, capacity 113502K, committed 113752K, reserved 1148928K
  class space    used 13400K, capacity 14420K, committed 14464K, reserved 1048576K
Event: 4015.755 GC heap after
Heap after GC invocations=43 (full 6):
 PSYoungGen      total 349696K, used 5385K [0x00000000e0000000, 0x0000000100000000, 0x0000000100000000)
  eden space 175104K, 0% used [0x00000000e0000000,0x00000000e0000000,0x00000000eab00000)
  from space 174592K, 3% used [0x00000000eab00000,0x00000000eb042618,0x00000000f5580000)
  to   space 174592K, 0% used [0x00000000f5580000,0x00000000f5580000,0x0000000100000000)
 ParOldGen       total 834560K, used 670295K [0x00000000a0000000, 0x00000000d2f00000, 0x00000000e0000000)
  object space 834560K, 80% used [0x00000000a0000000,0x00000000c8e95fd0,0x00000000d2f00000)
 Metaspace       used 107178K, capacity 113502K, committed 113752K, reserved 1148928K
  class space    used 13400K, capacity 14420K, committed 14464K, reserved 1048576K
}
Event: 4760.302 GC heap before
{Heap before GC invocations=44 (full 6):
 PSYoungGen      total 349696K, used 180489K [0x00000000e0000000, 0x0000000100000000, 0x0000000100000000)
  eden space 175104K, 100% used [0x00000000e0000000,0x00000000eab00000,0x00000000eab00000)
  from space 174592K, 3% used [0x00000000eab00000,0x00000000eb042618,0x00000000f5580000)
  to   space 174592K, 0% used [0x00000000f5580000,0x00000000f5580000,0x0000000100000000)
 ParOldGen       total 834560K, used 670295K [0x00000000a0000000, 0x00000000d2f00000, 0x00000000e0000000)
  object space 834560K, 80% used [0x00000000a0000000,0x00000000c8e95fd0,0x00000000d2f00000)
 Metaspace       used 107298K, capacity 113704K, committed 113752K, reserved 1148928K
  class space    used 13419K, capacity 14447K, committed 14464K, reserved 1048576K
Event: 4760.331 GC heap after
Heap after GC invocations=44 (full 6):
 PSYoungGen      total 347648K, used 7432K [0x00000000e0000000, 0x00000000ffe00000, 0x0000000100000000)
  eden space 175104K, 0% used [0x00000000e0000000,0x00000000e0000000,0x00000000eab00000)
  from space 172544K, 4% used [0x00000000f5580000,0x00000000f5cc2230,0x00000000ffe00000)
  to   space 173568K, 0% used [0x00000000eab00000,0x00000000eab00000,0x00000000f5480000)
 ParOldGen       total 834560K, used 673467K [0x00000000a0000000, 0x00000000d2f00000, 0x00000000e0000000)
  object space 834560K, 80% used [0x00000000a0000000,0x00000000c91aee80,0x00000000d2f00000)
 Metaspace       used 107298K, capacity 113704K, committed 113752K, reserved 1148928K
  class space    used 13419K, capacity 14447K, committed 14464K, reserved 1048576K
}
Event: 4761.812 GC heap before
{Heap before GC invocations=45 (full 6):
 PSYoungGen      total 347648K, used 182536K [0x00000000e0000000, 0x00000000ffe00000, 0x0000000100000000)
  eden space 175104K, 100% used [0x00000000e0000000,0x00000000eab00000,0x00000000eab00000)
  from space 172544K, 4% used [0x00000000f5580000,0x00000000f5cc2230,0x00000000ffe00000)
  to   space 173568K, 0% used [0x00000000eab00000,0x00000000eab00000,0x00000000f5480000)
 ParOldGen       total 834560K, used 673467K [0x00000000a0000000, 0x00000000d2f00000, 0x00000000e0000000)
  object space 834560K, 80% used [0x00000000a0000000,0x00000000c91aee80,0x00000000d2f00000)
 Metaspace       used 110586K, capacity 117140K, committed 117336K, reserved 1150976K
  class space    used 13833K, capacity 14893K, committed 14976K, reserved 1048576K
Event: 4764.024 GC heap after
Heap after GC invocations=45 (full 6):
 PSYoungGen      total 348672K, used 85391K [0x00000000e0000000, 0x00000000fff00000, 0x0000000100000000)
  eden space 175104K, 0% used [0x00000000e0000000,0x00000000e0000000,0x00000000eab00000)
  from space 173568K, 49% used [0x00000000eab00000,0x00000000efe63e50,0x00000000f5480000)
  to   space 172544K, 0% used [0x00000000f5680000,0x00000000f5680000,0x00000000fff00000)
 ParOldGen       total 834560K, used 680041K [0x00000000a0000000, 0x00000000d2f00000, 0x00000000e0000000)
  object space 834560K, 81% used [0x00000000a0000000,0x00000000c981a440,0x00000000d2f00000)
 Metaspace       used 110586K, capacity 117140K, committed 117336K, reserved 1150976K
  class space    used 13833K, capacity 14893K, committed 14976K, reserved 1048576K
}
Event: 4766.090 GC heap before
{Heap before GC invocations=46 (full 6):
 PSYoungGen      total 348672K, used 260495K [0x00000000e0000000, 0x00000000fff00000, 0x0000000100000000)
  eden space 175104K, 100% used [0x00000000e0000000,0x00000000eab00000,0x00000000eab00000)
  from space 173568K, 49% used [0x00000000eab00000,0x00000000efe63e50,0x00000000f5480000)
  to   space 172544K, 0% used [0x00000000f5680000,0x00000000f5680000,0x00000000fff00000)
 ParOldGen       total 834560K, used 680041K [0x00000000a0000000, 0x00000000d2f00000, 0x00000000e0000000)
  object space 834560K, 81% used [0x00000000a0000000,0x00000000c981a440,0x00000000d2f00000)
 Metaspace       used 110675K, capacity 117204K, committed 117336K, reserved 1150976K
  class space    used 13833K, capacity 14893K, committed 14976K, reserved 1048576K
Event: 4766.179 GC heap after
Heap after GC invocations=46 (full 6):
 PSYoungGen      total 345600K, used 7833K [0x00000000e0000000, 0x00000000ffa00000, 0x0000000100000000)
  eden space 178176K, 0% used [0x00000000e0000000,0x00000000e0000000,0x00000000eae00000)
  from space 167424K, 4% used [0x00000000f5680000,0x00000000f5e26740,0x00000000ffa00000)
  to   space 169984K, 0% used [0x00000000eae00000,0x00000000eae00000,0x00000000f5400000)
 ParOldGen       total 834560K, used 760640K [0x00000000a0000000, 0x00000000d2f00000, 0x00000000e0000000)
  object space 834560K, 91% used [0x00000000a0000000,0x00000000ce6d01e8,0x00000000d2f00000)
 Metaspace       used 110675K, capacity 117204K, committed 117336K, reserved 1150976K
  class space    used 13833K, capacity 14893K, committed 14976K, reserved 1048576K
}
Event: 4766.180 GC heap before
{Heap before GC invocations=47 (full 7):
 PSYoungGen      total 345600K, used 7833K [0x00000000e0000000, 0x00000000ffa00000, 0x0000000100000000)
  eden space 178176K, 0% used [0x00000000e0000000,0x00000000e0000000,0x00000000eae00000)
  from space 167424K, 4% used [0x00000000f5680000,0x00000000f5e26740,0x00000000ffa00000)
  to   space 169984K, 0% used [0x00000000eae00000,0x00000000eae00000,0x00000000f5400000)
 ParOldGen       total 834560K, used 760640K [0x00000000a0000000, 0x00000000d2f00000, 0x00000000e0000000)
  object space 834560K, 91% used [0x00000000a0000000,0x00000000ce6d01e8,0x00000000d2f00000)
 Metaspace       used 110675K, capacity 117204K, committed 117336K, reserved 1150976K
  class space    used 13833K, capacity 14893K, committed 14976K, reserved 1048576K

