# JRE version: OpenJDK Runtime Environment (8.0_112-b06) (build 1.8.0_112-release-b06)
# Java VM: OpenJDK 64-Bit Server VM (25.112-b06 mixed mode windows-amd64 compressed oops)
Heap:
 PSYoungGen      total 392192K, used 17676K [0x00000000e0000000, 0x0000000100000000, 0x0000000100000000)
  eden space 260096K, 0% used [0x00000000e0000000,0x00000000e0000000,0x00000000efe00000)
  from space 132096K, 13% used [0x00000000efe00000,0x00000000f0f43338,0x00000000f7f00000)
  to   space 127488K, 0% used [0x00000000f8380000,0x00000000f8380000,0x0000000100000000)
 ParOldGen       total 611840K, used 611089K [0x00000000a0000000, 0x00000000c5580000, 0x00000000e0000000)
  object space 611840K, 99% used [0x00000000a0000000,0x00000000c54c45f8,0x00000000c5580000)
 Metaspace       used 100824K, capacity 106058K, committed 106240K, reserved 1142784K
  class space    used 12681K, capacity 13780K, committed 13824K, reserved 1048576K
GC Heap History (10 events):
Event: 4014.289 GC heap after
Heap after GC invocations=35 (full 6):
 PSYoungGen      total 412672K, used 101971K [0x00000000e0000000, 0x0000000100000000, 0x0000000100000000)
  eden space 310272K, 0% used [0x00000000e0000000,0x00000000e0000000,0x00000000f2f00000)
  from space 102400K, 99% used [0x00000000f2f00000,0x00000000f9294c38,0x00000000f9300000)
  to   space 111616K, 0% used [0x00000000f9300000,0x00000000f9300000,0x0000000100000000)
 ParOldGen       total 611840K, used 412075K [0x00000000a0000000, 0x00000000c5580000, 0x00000000e0000000)
  object space 611840K, 67% used [0x00000000a0000000,0x00000000b926ad38,0x00000000c5580000)
 Metaspace       used 90535K, capacity 94220K, committed 94592K, reserved 1132544K
  class space    used 11349K, capacity 12054K, committed 12160K, reserved 1048576K
}
Event: 4259.762 GC heap before
{Heap before GC invocations=36 (full 6):
 PSYoungGen      total 412672K, used 412243K [0x00000000e0000000, 0x0000000100000000, 0x0000000100000000)
  eden space 310272K, 100% used [0x00000000e0000000,0x00000000f2f00000,0x00000000f2f00000)
  from space 102400K, 99% used [0x00000000f2f00000,0x00000000f9294c38,0x00000000f9300000)
  to   space 111616K, 0% used [0x00000000f9300000,0x00000000f9300000,0x0000000100000000)
 ParOldGen       total 611840K, used 412075K [0x00000000a0000000, 0x00000000c5580000, 0x00000000e0000000)
  object space 611840K, 67% used [0x00000000a0000000,0x00000000b926ad38,0x00000000c5580000)
 Metaspace       used 94953K, capacity 99654K, committed 99840K, reserved 1136640K
  class space    used 11979K, capacity 12990K, committed 13056K, reserved 1048576K
Event: 4259.872 GC heap after
Heap after GC invocations=36 (full 6):
 PSYoungGen      total 393216K, used 13417K [0x00000000e0000000, 0x0000000100000000, 0x0000000100000000)
  eden space 281600K, 0% used [0x00000000e0000000,0x00000000e0000000,0x00000000f1300000)
  from space 111616K, 12% used [0x00000000f9300000,0x00000000fa01a500,0x0000000100000000)
  to   space 121344K, 0% used [0x00000000f1300000,0x00000000f1300000,0x00000000f8980000)
 ParOldGen       total 611840K, used 504574K [0x00000000a0000000, 0x00000000c5580000, 0x00000000e0000000)
  object space 611840K, 82% used [0x00000000a0000000,0x00000000becbfb18,0x00000000c5580000)
 Metaspace       used 94953K, capacity 99654K, committed 99840K, reserved 1136640K
  class space    used 11979K, capacity 12990K, committed 13056K, reserved 1048576K
}
Event: 5091.388 GC heap before
{Heap before GC invocations=37 (full 6):
 PSYoungGen      total 393216K, used 295017K [0x00000000e0000000, 0x0000000100000000, 0x0000000100000000)
  eden space 281600K, 100% used [0x00000000e0000000,0x00000000f1300000,0x00000000f1300000)
  from space 111616K, 12% used [0x00000000f9300000,0x00000000fa01a500,0x0000000100000000)
  to   space 121344K, 0% used [0x00000000f1300000,0x00000000f1300000,0x00000000f8980000)
 ParOldGen       total 611840K, used 504574K [0x00000000a0000000, 0x00000000c5580000, 0x00000000e0000000)
  object space 611840K, 82% used [0x00000000a0000000,0x00000000becbfb18,0x00000000c5580000)
 Metaspace       used 97362K, capacity 102610K, committed 102784K, reserved 1138688K
  class space    used 12265K, capacity 13332K, committed 13440K, reserved 1048576K
Event: 5091.491 GC heap after
Heap after GC invocations=37 (full 6):
 PSYoungGen      total 402944K, used 8949K [0x00000000e0000000, 0x0000000100000000, 0x0000000100000000)
  eden space 281600K, 0% used [0x00000000e0000000,0x00000000e0000000,0x00000000f1300000)
  from space 121344K, 7% used [0x00000000f1300000,0x00000000f1bbd478,0x00000000f8980000)
  to   space 118272K, 0% used [0x00000000f8c80000,0x00000000f8c80000,0x0000000100000000)
 ParOldGen       total 611840K, used 514148K [0x00000000a0000000, 0x00000000c5580000, 0x00000000e0000000)
  object space 611840K, 84% used [0x00000000a0000000,0x00000000bf619110,0x00000000c5580000)
 Metaspace       used 97362K, capacity 102610K, committed 102784K, reserved 1138688K
  class space    used 12265K, capacity 13332K, committed 13440K, reserved 1048576K
}
Event: 5098.456 GC heap before
{Heap before GC invocations=38 (full 6):
 PSYoungGen      total 402944K, used 290531K [0x00000000e0000000, 0x0000000100000000, 0x0000000100000000)
  eden space 281600K, 99% used [0x00000000e0000000,0x00000000f12fb810,0x00000000f1300000)
  from space 121344K, 7% used [0x00000000f1300000,0x00000000f1bbd478,0x00000000f8980000)
  to   space 118272K, 0% used [0x00000000f8c80000,0x00000000f8c80000,0x0000000100000000)
 ParOldGen       total 611840K, used 514148K [0x00000000a0000000, 0x00000000c5580000, 0x00000000e0000000)
  object space 611840K, 84% used [0x00000000a0000000,0x00000000bf619110,0x00000000c5580000)
 Metaspace       used 100731K, capacity 105982K, committed 106240K, reserved 1142784K
  class space    used 12679K, capacity 13778K, committed 13824K, reserved 1048576K
Event: 5098.569 GC heap after
Heap after GC invocations=38 (full 6):
 PSYoungGen      total 378368K, used 96282K [0x00000000e0000000, 0x0000000100000000, 0x0000000100000000)
  eden space 260096K, 0% used [0x00000000e0000000,0x00000000e0000000,0x00000000efe00000)
  from space 118272K, 81% used [0x00000000f8c80000,0x00000000fea86a68,0x0000000100000000)
  to   space 132096K, 0% used [0x00000000efe00000,0x00000000efe00000,0x00000000f7f00000)
 ParOldGen       total 611840K, used 519636K [0x00000000a0000000, 0x00000000c5580000, 0x00000000e0000000)
  object space 611840K, 84% used [0x00000000a0000000,0x00000000bfb750c0,0x00000000c5580000)
 Metaspace       used 100731K, capacity 105982K, committed 106240K, reserved 1142784K
  class space    used 12679K, capacity 13778K, committed 13824K, reserved 1048576K
}
Event: 5101.511 GC heap before
{Heap before GC invocations=39 (full 6):
 PSYoungGen      total 378368K, used 356378K [0x00000000e0000000, 0x0000000100000000, 0x0000000100000000)
  eden space 260096K, 100% used [0x00000000e0000000,0x00000000efe00000,0x00000000efe00000)
  from space 118272K, 81% used [0x00000000f8c80000,0x00000000fea86a68,0x0000000100000000)
  to   space 132096K, 0% used [0x00000000efe00000,0x00000000efe00000,0x00000000f7f00000)
 ParOldGen       total 611840K, used 519636K [0x00000000a0000000, 0x00000000c5580000, 0x00000000e0000000)
  object space 611840K, 84% used [0x00000000a0000000,0x00000000bfb750c0,0x00000000c5580000)
 Metaspace       used 100824K, capacity 106058K, committed 106240K, reserved 1142784K
  class space    used 12681K, capacity 13780K, committed 13824K, reserved 1048576K
Event: 5101.630 GC heap after
Heap after GC invocations=39 (full 6):
 PSYoungGen      total 392192K, used 17676K [0x00000000e0000000, 0x0000000100000000, 0x0000000100000000)
  eden space 260096K, 0% used [0x00000000e0000000,0x00000000e0000000,0x00000000efe00000)
  from space 132096K, 13% used [0x00000000efe00000,0x00000000f0f43338,0x00000000f7f00000)
  to   space 127488K, 0% used [0x00000000f8380000,0x00000000f8380000,0x0000000100000000)
 ParOldGen       total 611840K, used 611089K [0x00000000a0000000, 0x00000000c5580000, 0x00000000e0000000)
  object space 611840K, 99% used [0x00000000a0000000,0x00000000c54c45f8,0x00000000c5580000)
 Metaspace       used 100824K, capacity 106058K, committed 106240K, reserved 1142784K
  class space    used 12681K, capacity 13780K, committed 13824K, reserved 1048576K
}
Event: 5101.646 GC heap before
{Heap before GC invocations=40 (full 7):
 PSYoungGen      total 392192K, used 17676K [0x00000000e0000000, 0x0000000100000000, 0x0000000100000000)
  eden space 260096K, 0% used [0x00000000e0000000,0x00000000e0000000,0x00000000efe00000)
  from space 132096K, 13% used [0x00000000efe00000,0x00000000f0f43338,0x00000000f7f00000)
  to   space 127488K, 0% used [0x00000000f8380000,0x00000000f8380000,0x0000000100000000)
 ParOldGen       total 611840K, used 611089K [0x00000000a0000000, 0x00000000c5580000, 0x00000000e0000000)
  object space 611840K, 99% used [0x00000000a0000000,0x00000000c54c45f8,0x00000000c5580000)
 Metaspace       used 100824K, capacity 106058K, committed 106240K, reserved 1142784K
  class space    used 12681K, capacity 13780K, committed 13824K, reserved 1048576K

