# JRE version: OpenJDK Runtime Environment (8.0_112-b06) (build 1.8.0_112-release-b06)
# Java VM: OpenJDK 64-Bit Server VM (25.112-b06 mixed mode windows-amd64 compressed oops)
Heap:
 PSYoungGen      total 307712K, used 43203K [0x00000000e0000000, 0x00000000ff300000, 0x0000000100000000)
  eden space 264192K, 0% used [0x00000000e0000000,0x00000000e0000000,0x00000000f0200000)
  from space 43520K, 99% used [0x00000000f0200000,0x00000000f2c30c78,0x00000000f2c80000)
  to   space 123392K, 0% used [0x00000000f7a80000,0x00000000f7a80000,0x00000000ff300000)
 ParOldGen       total 1017856K, used 922835K [0x00000000a0000000, 0x00000000de200000, 0x00000000e0000000)
  object space 1017856K, 90% used [0x00000000a0000000,0x00000000d8534d20,0x00000000de200000)
 Metaspace       used 114255K, capacity 122126K, committed 122712K, reserved 1157120K
  class space    used 14326K, capacity 15552K, committed 16000K, reserved 1048576K
GC Heap History (10 events):
Event: 7158.605 GC heap after
Heap after GC invocations=90 (full 15):
 PSYoungGen      total 351232K, used 78740K [0x00000000e0000000, 0x0000000100000000, 0x0000000100000000)
  eden space 272384K, 0% used [0x00000000e0000000,0x00000000e0000000,0x00000000f0a00000)
  from space 78848K, 99% used [0x00000000f0a00000,0x00000000f56e5170,0x00000000f5700000)
  to   space 126464K, 0% used [0x00000000f8480000,0x00000000f8480000,0x0000000100000000)
 ParOldGen       total 1017856K, used 683617K [0x00000000a0000000, 0x00000000de200000, 0x00000000e0000000)
  object space 1017856K, 67% used [0x00000000a0000000,0x00000000c9b986a8,0x00000000de200000)
 Metaspace       used 107529K, capacity 115002K, committed 121432K, reserved 1155072K
  class space    used 13476K, capacity 14640K, committed 16000K, reserved 1048576K
}
Event: 7788.782 GC heap before
{Heap before GC invocations=91 (full 15):
 PSYoungGen      total 351232K, used 351124K [0x00000000e0000000, 0x0000000100000000, 0x0000000100000000)
  eden space 272384K, 100% used [0x00000000e0000000,0x00000000f0a00000,0x00000000f0a00000)
  from space 78848K, 99% used [0x00000000f0a00000,0x00000000f56e5170,0x00000000f5700000)
  to   space 126464K, 0% used [0x00000000f8480000,0x00000000f8480000,0x0000000100000000)
 ParOldGen       total 1017856K, used 683617K [0x00000000a0000000, 0x00000000de200000, 0x00000000e0000000)
  object space 1017856K, 67% used [0x00000000a0000000,0x00000000c9b986a8,0x00000000de200000)
 Metaspace       used 107581K, capacity 115162K, committed 121432K, reserved 1155072K
  class space    used 13484K, capacity 14648K, committed 16000K, reserved 1048576K
Event: 7788.910 GC heap after
Heap after GC invocations=91 (full 15):
 PSYoungGen      total 398336K, used 28214K [0x00000000e0000000, 0x0000000100000000, 0x0000000100000000)
  eden space 271872K, 0% used [0x00000000e0000000,0x00000000e0000000,0x00000000f0980000)
  from space 126464K, 22% used [0x00000000f8480000,0x00000000fa00dae0,0x0000000100000000)
  to   space 125952K, 0% used [0x00000000f0980000,0x00000000f0980000,0x00000000f8480000)
 ParOldGen       total 1017856K, used 752033K [0x00000000a0000000, 0x00000000de200000, 0x00000000e0000000)
  object space 1017856K, 73% used [0x00000000a0000000,0x00000000cde68720,0x00000000de200000)
 Metaspace       used 107581K, capacity 115162K, committed 121432K, reserved 1155072K
  class space    used 13484K, capacity 14648K, committed 16000K, reserved 1048576K
}
Event: 7791.910 GC heap before
{Heap before GC invocations=92 (full 15):
 PSYoungGen      total 398336K, used 300086K [0x00000000e0000000, 0x0000000100000000, 0x0000000100000000)
  eden space 271872K, 100% used [0x00000000e0000000,0x00000000f0980000,0x00000000f0980000)
  from space 126464K, 22% used [0x00000000f8480000,0x00000000fa00dae0,0x0000000100000000)
  to   space 125952K, 0% used [0x00000000f0980000,0x00000000f0980000,0x00000000f8480000)
 ParOldGen       total 1017856K, used 752033K [0x00000000a0000000, 0x00000000de200000, 0x00000000e0000000)
  object space 1017856K, 73% used [0x00000000a0000000,0x00000000cde68720,0x00000000de200000)
 Metaspace       used 110860K, capacity 118526K, committed 121432K, reserved 1155072K
  class space    used 13897K, capacity 15092K, committed 16000K, reserved 1048576K
Event: 7792.520 GC heap after
Heap after GC invocations=92 (full 15):
 PSYoungGen      total 369664K, used 97573K [0x00000000e0000000, 0x0000000100000000, 0x0000000100000000)
  eden space 271872K, 0% used [0x00000000e0000000,0x00000000e0000000,0x00000000f0980000)
  from space 97792K, 99% used [0x00000000f0980000,0x00000000f68c95d8,0x00000000f6900000)
  to   space 133632K, 0% used [0x00000000f7d80000,0x00000000f7d80000,0x0000000100000000)
 ParOldGen       total 1017856K, used 779037K [0x00000000a0000000, 0x00000000de200000, 0x00000000e0000000)
  object space 1017856K, 76% used [0x00000000a0000000,0x00000000cf8c7480,0x00000000de200000)
 Metaspace       used 110860K, capacity 118526K, committed 121432K, reserved 1155072K
  class space    used 13897K, capacity 15092K, committed 16000K, reserved 1048576K
}
Event: 7912.567 GC heap before
{Heap before GC invocations=93 (full 15):
 PSYoungGen      total 369664K, used 369445K [0x00000000e0000000, 0x0000000100000000, 0x0000000100000000)
  eden space 271872K, 100% used [0x00000000e0000000,0x00000000f0980000,0x00000000f0980000)
  from space 97792K, 99% used [0x00000000f0980000,0x00000000f68c95d8,0x00000000f6900000)
  to   space 133632K, 0% used [0x00000000f7d80000,0x00000000f7d80000,0x0000000100000000)
 ParOldGen       total 1017856K, used 779037K [0x00000000a0000000, 0x00000000de200000, 0x00000000e0000000)
  object space 1017856K, 76% used [0x00000000a0000000,0x00000000cf8c7480,0x00000000de200000)
 Metaspace       used 111637K, capacity 119470K, committed 121432K, reserved 1155072K
  class space    used 13975K, capacity 15184K, committed 16000K, reserved 1048576K
Event: 7912.957 GC heap after
Heap after GC invocations=93 (full 15):
 PSYoungGen      total 397824K, used 60582K [0x00000000e0000000, 0x0000000100000000, 0x0000000100000000)
  eden space 264192K, 0% used [0x00000000e0000000,0x00000000e0000000,0x00000000f0200000)
  from space 133632K, 45% used [0x00000000f7d80000,0x00000000fb8a9b38,0x0000000100000000)
  to   space 126464K, 0% used [0x00000000f0200000,0x00000000f0200000,0x00000000f7d80000)
 ParOldGen       total 1017856K, used 870899K [0x00000000a0000000, 0x00000000de200000, 0x00000000e0000000)
  object space 1017856K, 85% used [0x00000000a0000000,0x00000000d527cda8,0x00000000de200000)
 Metaspace       used 111637K, capacity 119470K, committed 121432K, reserved 1155072K
  class space    used 13975K, capacity 15184K, committed 16000K, reserved 1048576K
}
Event: 7922.840 GC heap before
{Heap before GC invocations=94 (full 15):
 PSYoungGen      total 397824K, used 324774K [0x00000000e0000000, 0x0000000100000000, 0x0000000100000000)
  eden space 264192K, 100% used [0x00000000e0000000,0x00000000f0200000,0x00000000f0200000)
  from space 133632K, 45% used [0x00000000f7d80000,0x00000000fb8a9b38,0x0000000100000000)
  to   space 126464K, 0% used [0x00000000f0200000,0x00000000f0200000,0x00000000f7d80000)
 ParOldGen       total 1017856K, used 870899K [0x00000000a0000000, 0x00000000de200000, 0x00000000e0000000)
  object space 1017856K, 85% used [0x00000000a0000000,0x00000000d527cda8,0x00000000de200000)
 Metaspace       used 114255K, capacity 122126K, committed 122712K, reserved 1157120K
  class space    used 14326K, capacity 15552K, committed 16000K, reserved 1048576K
Event: 7922.982 GC heap after
Heap after GC invocations=94 (full 15):
 PSYoungGen      total 307712K, used 43203K [0x00000000e0000000, 0x00000000ff300000, 0x0000000100000000)
  eden space 264192K, 0% used [0x00000000e0000000,0x00000000e0000000,0x00000000f0200000)
  from space 43520K, 99% used [0x00000000f0200000,0x00000000f2c30c78,0x00000000f2c80000)
  to   space 123392K, 0% used [0x00000000f7a80000,0x00000000f7a80000,0x00000000ff300000)
 ParOldGen       total 1017856K, used 922835K [0x00000000a0000000, 0x00000000de200000, 0x00000000e0000000)
  object space 1017856K, 90% used [0x00000000a0000000,0x00000000d8534d20,0x00000000de200000)
 Metaspace       used 114255K, capacity 122126K, committed 122712K, reserved 1157120K
  class space    used 14326K, capacity 15552K, committed 16000K, reserved 1048576K
}
Event: 7922.982 GC heap before
{Heap before GC invocations=95 (full 16):
 PSYoungGen      total 307712K, used 43203K [0x00000000e0000000, 0x00000000ff300000, 0x0000000100000000)
  eden space 264192K, 0% used [0x00000000e0000000,0x00000000e0000000,0x00000000f0200000)
  from space 43520K, 99% used [0x00000000f0200000,0x00000000f2c30c78,0x00000000f2c80000)
  to   space 123392K, 0% used [0x00000000f7a80000,0x00000000f7a80000,0x00000000ff300000)
 ParOldGen       total 1017856K, used 922835K [0x00000000a0000000, 0x00000000de200000, 0x00000000e0000000)
  object space 1017856K, 90% used [0x00000000a0000000,0x00000000d8534d20,0x00000000de200000)
 Metaspace       used 114255K, capacity 122126K, committed 122712K, reserved 1157120K
  class space    used 14326K, capacity 15552K, committed 16000K, reserved 1048576K

