# JRE version: OpenJDK Runtime Environment (8.0_112-b06) (build 1.8.0_112-release-b06)
# Java VM: OpenJDK 64-Bit Server VM (25.112-b06 mixed mode windows-amd64 compressed oops)
Heap:
 PSYoungGen      total 351232K, used 8720K [0x00000000e0000000, 0x0000000100000000, 0x0000000100000000)
  eden space 189440K, 0% used [0x00000000e0000000,0x00000000e0000000,0x00000000eb900000)
  from space 161792K, 5% used [0x00000000f6200000,0x00000000f6a843d8,0x0000000100000000)
  to   space 167424K, 0% used [0x00000000eb900000,0x00000000eb900000,0x00000000f5c80000)
 ParOldGen       total 509952K, used 420962K [0x00000000a0000000, 0x00000000bf200000, 0x00000000e0000000)
  object space 509952K, 82% used [0x00000000a0000000,0x00000000b9b18b68,0x00000000bf200000)
 Metaspace       used 107977K, capacity 114907K, committed 134080K, reserved 1165312K
  class space    used 13389K, capacity 14324K, committed 17344K, reserved 1048576K
GC Heap History (10 events):
Event: 8765.999 GC heap after
Heap after GC invocations=81 (full 13):
 PSYoungGen      total 359936K, used 89319K [0x00000000e0000000, 0x0000000100000000, 0x0000000100000000)
  eden space 206848K, 0% used [0x00000000e0000000,0x00000000e0000000,0x00000000eca00000)
  from space 153088K, 58% used [0x00000000f6880000,0x00000000fbfb9d38,0x00000000ffe00000)
  to   space 158720K, 0% used [0x00000000eca00000,0x00000000eca00000,0x00000000f6500000)
 ParOldGen       total 509952K, used 149311K [0x00000000a0000000, 0x00000000bf200000, 0x00000000e0000000)
  object space 509952K, 29% used [0x00000000a0000000,0x00000000a91cff00,0x00000000bf200000)
 Metaspace       used 100935K, capacity 107149K, committed 134080K, reserved 1165312K
  class space    used 12476K, capacity 13295K, committed 17344K, reserved 1048576K
}
Event: 8809.116 GC heap before
{Heap before GC invocations=82 (full 13):
 PSYoungGen      total 359936K, used 296167K [0x00000000e0000000, 0x0000000100000000, 0x0000000100000000)
  eden space 206848K, 100% used [0x00000000e0000000,0x00000000eca00000,0x00000000eca00000)
  from space 153088K, 58% used [0x00000000f6880000,0x00000000fbfb9d38,0x00000000ffe00000)
  to   space 158720K, 0% used [0x00000000eca00000,0x00000000eca00000,0x00000000f6500000)
 ParOldGen       total 509952K, used 149311K [0x00000000a0000000, 0x00000000bf200000, 0x00000000e0000000)
  object space 509952K, 29% used [0x00000000a0000000,0x00000000a91cff00,0x00000000bf200000)
 Metaspace       used 101870K, capacity 108311K, committed 134080K, reserved 1165312K
  class space    used 12586K, capacity 13450K, committed 17344K, reserved 1048576K
Event: 8809.555 GC heap after
Heap after GC invocations=82 (full 13):
 PSYoungGen      total 263168K, used 56239K [0x00000000e0000000, 0x00000000ff480000, 0x0000000100000000)
  eden space 206848K, 0% used [0x00000000e0000000,0x00000000e0000000,0x00000000eca00000)
  from space 56320K, 99% used [0x00000000eca00000,0x00000000f00ebfa0,0x00000000f0100000)
  to   space 150016K, 0% used [0x00000000f6200000,0x00000000f6200000,0x00000000ff480000)
 ParOldGen       total 509952K, used 232451K [0x00000000a0000000, 0x00000000bf200000, 0x00000000e0000000)
  object space 509952K, 45% used [0x00000000a0000000,0x00000000ae300fe0,0x00000000bf200000)
 Metaspace       used 101870K, capacity 108311K, committed 134080K, reserved 1165312K
  class space    used 12586K, capacity 13450K, committed 17344K, reserved 1048576K
}
Event: 8864.837 GC heap before
{Heap before GC invocations=83 (full 13):
 PSYoungGen      total 263168K, used 263087K [0x00000000e0000000, 0x00000000ff480000, 0x0000000100000000)
  eden space 206848K, 100% used [0x00000000e0000000,0x00000000eca00000,0x00000000eca00000)
  from space 56320K, 99% used [0x00000000eca00000,0x00000000f00ebfa0,0x00000000f0100000)
  to   space 150016K, 0% used [0x00000000f6200000,0x00000000f6200000,0x00000000ff480000)
 ParOldGen       total 509952K, used 232451K [0x00000000a0000000, 0x00000000bf200000, 0x00000000e0000000)
  object space 509952K, 45% used [0x00000000a0000000,0x00000000ae300fe0,0x00000000bf200000)
 Metaspace       used 104493K, capacity 111015K, committed 134080K, reserved 1165312K
  class space    used 12940K, capacity 13826K, committed 17344K, reserved 1048576K
Event: 8865.235 GC heap after
Heap after GC invocations=83 (full 13):
 PSYoungGen      total 369152K, used 57821K [0x00000000e0000000, 0x00000000ff400000, 0x0000000100000000)
  eden space 219648K, 0% used [0x00000000e0000000,0x00000000e0000000,0x00000000ed680000)
  from space 149504K, 38% used [0x00000000f6200000,0x00000000f9a77618,0x00000000ff400000)
  to   space 142848K, 0% used [0x00000000ed680000,0x00000000ed680000,0x00000000f6200000)
 ParOldGen       total 509952K, used 279138K [0x00000000a0000000, 0x00000000bf200000, 0x00000000e0000000)
  object space 509952K, 54% used [0x00000000a0000000,0x00000000b1098bc0,0x00000000bf200000)
 Metaspace       used 104493K, capacity 111015K, committed 134080K, reserved 1165312K
  class space    used 12940K, capacity 13826K, committed 17344K, reserved 1048576K
}
Event: 8866.916 GC heap before
{Heap before GC invocations=84 (full 13):
 PSYoungGen      total 369152K, used 277469K [0x00000000e0000000, 0x00000000ff400000, 0x0000000100000000)
  eden space 219648K, 100% used [0x00000000e0000000,0x00000000ed680000,0x00000000ed680000)
  from space 149504K, 38% used [0x00000000f6200000,0x00000000f9a77618,0x00000000ff400000)
  to   space 142848K, 0% used [0x00000000ed680000,0x00000000ed680000,0x00000000f6200000)
 ParOldGen       total 509952K, used 279138K [0x00000000a0000000, 0x00000000bf200000, 0x00000000e0000000)
  object space 509952K, 54% used [0x00000000a0000000,0x00000000b1098bc0,0x00000000bf200000)
 Metaspace       used 107771K, capacity 114429K, committed 134080K, reserved 1165312K
  class space    used 13356K, capacity 14279K, committed 17344K, reserved 1048576K
Event: 8868.443 GC heap after
Heap after GC invocations=84 (full 13):
 PSYoungGen      total 362496K, used 142823K [0x00000000e0000000, 0x0000000100000000, 0x0000000100000000)
  eden space 219648K, 0% used [0x00000000e0000000,0x00000000e0000000,0x00000000ed680000)
  from space 142848K, 99% used [0x00000000ed680000,0x00000000f61f9e40,0x00000000f6200000)
  to   space 161792K, 0% used [0x00000000f6200000,0x00000000f6200000,0x0000000100000000)
 ParOldGen       total 509952K, used 284224K [0x00000000a0000000, 0x00000000bf200000, 0x00000000e0000000)
  object space 509952K, 55% used [0x00000000a0000000,0x00000000b15903e0,0x00000000bf200000)
 Metaspace       used 107771K, capacity 114429K, committed 134080K, reserved 1165312K
  class space    used 13356K, capacity 14279K, committed 17344K, reserved 1048576K
}
Event: 8980.289 GC heap before
{Heap before GC invocations=85 (full 13):
 PSYoungGen      total 362496K, used 362471K [0x00000000e0000000, 0x0000000100000000, 0x0000000100000000)
  eden space 219648K, 100% used [0x00000000e0000000,0x00000000ed680000,0x00000000ed680000)
  from space 142848K, 99% used [0x00000000ed680000,0x00000000f61f9e40,0x00000000f6200000)
  to   space 161792K, 0% used [0x00000000f6200000,0x00000000f6200000,0x0000000100000000)
 ParOldGen       total 509952K, used 284224K [0x00000000a0000000, 0x00000000bf200000, 0x00000000e0000000)
  object space 509952K, 55% used [0x00000000a0000000,0x00000000b15903e0,0x00000000bf200000)
 Metaspace       used 107977K, capacity 114907K, committed 134080K, reserved 1165312K
  class space    used 13389K, capacity 14324K, committed 17344K, reserved 1048576K
Event: 8981.150 GC heap after
Heap after GC invocations=85 (full 13):
 PSYoungGen      total 351232K, used 8720K [0x00000000e0000000, 0x0000000100000000, 0x0000000100000000)
  eden space 189440K, 0% used [0x00000000e0000000,0x00000000e0000000,0x00000000eb900000)
  from space 161792K, 5% used [0x00000000f6200000,0x00000000f6a843d8,0x0000000100000000)
  to   space 167424K, 0% used [0x00000000eb900000,0x00000000eb900000,0x00000000f5c80000)
 ParOldGen       total 509952K, used 420962K [0x00000000a0000000, 0x00000000bf200000, 0x00000000e0000000)
  object space 509952K, 82% used [0x00000000a0000000,0x00000000b9b18b68,0x00000000bf200000)
 Metaspace       used 107977K, capacity 114907K, committed 134080K, reserved 1165312K
  class space    used 13389K, capacity 14324K, committed 17344K, reserved 1048576K
}
Event: 8981.150 GC heap before
{Heap before GC invocations=86 (full 14):
 PSYoungGen      total 351232K, used 8720K [0x00000000e0000000, 0x0000000100000000, 0x0000000100000000)
  eden space 189440K, 0% used [0x00000000e0000000,0x00000000e0000000,0x00000000eb900000)
  from space 161792K, 5% used [0x00000000f6200000,0x00000000f6a843d8,0x0000000100000000)
  to   space 167424K, 0% used [0x00000000eb900000,0x00000000eb900000,0x00000000f5c80000)
 ParOldGen       total 509952K, used 420962K [0x00000000a0000000, 0x00000000bf200000, 0x00000000e0000000)
  object space 509952K, 82% used [0x00000000a0000000,0x00000000b9b18b68,0x00000000bf200000)
 Metaspace       used 107977K, capacity 114907K, committed 134080K, reserved 1165312K
  class space    used 13389K, capacity 14324K, committed 17344K, reserved 1048576K

